<?xml version="1.0" encoding="UTF-8"?>
<!-- Generated by org.testng.reporters.JUnitXMLReporter -->
<testsuite ignored="4" hostname="TYSS-Vijayalaxmi" failures="1" tests="3" name="Test" time="62.016" errors="0" timestamp="2023-09-21T11:40:28 IST">
  <testcase classname="com.Contacts_Module.CreateContacts_POMTest" name="createContacts_POMTest" time="9.823">
    <failure type="java.lang.AssertionError" message="null">
      <![CDATA[java.lang.AssertionError: null
at com.Contacts_Module.CreateContacts_POMTest.createContacts_POMTest(CreateContacts_POMTest.java:39)
at java.base/java.util.ArrayList.forEach(ArrayList.java:1511)
at java.base/java.util.concurrent.FutureTask.run(FutureTask.java:264)
at java.base/java.util.concurrent.ThreadPoolExecutor.runWorker(ThreadPoolExecutor.java:1136)
at java.base/java.util.concurrent.ThreadPoolExecutor$Worker.run(ThreadPoolExecutor.java:635)
at java.base/java.lang.Thread.run(Thread.java:833)
... Removed 19 stack frames]]>
    </failure>
  </testcase> <!-- createContacts_POMTest -->
  <testcase classname="com.Contacts_Module.CreateContUsingOrg_POMTest" name="createContUsingOrg_POMTest" time="20.132"/>
  <testcase classname="com.Organization_Module.CreateOrgWIthAllFileds_POMTest" name="createOrgWIthAllFileds_POMTest" time="10.691"/>
  <testcase classname="com.crm.GenericUtils.Baseclass" name="@BeforeSuite configBS" time="0.0">
    <ignored/>
  </testcase> <!-- @BeforeSuite configBS -->
  <testcase classname="com.crm.GenericUtils.Baseclass" name="@AfterSuite configAS" time="0.0">
    <ignored/>
  </testcase> <!-- @AfterSuite configAS -->
  <testcase classname="com.crm.GenericUtils.Baseclass" name="@AfterSuite configAS" time="0.0">
    <ignored/>
  </testcase> <!-- @AfterSuite configAS -->
  <testcase classname="com.crm.GenericUtils.Baseclass" name="@BeforeSuite configBS" time="0.0">
    <ignored/>
  </testcase> <!-- @BeforeSuite configBS -->
</testsuite> <!-- Test -->
